[2025-11-12 13:49:25.248422] [info] buttonRezervOff_Click
[2025-11-12 13:49:26.835917] [info] buttonRezervOn_Click
[2025-11-12 13:49:32.710564] [info] buttonBrakeOff_Click
[2025-11-12 13:49:33.443197] [info] buttonBrakeOn_Click
[2025-11-12 19:16:32.055036] [info] buttonCurrentPositionSet_Click JSON: {"currentPos":1}
[2025-11-12 19:16:33.167993] [info] buttonCurrentPositionSet_Click JSON: {"currentPos":1}
[2025-11-12 19:16:33.318794] [info] buttonCurrentPositionSet_Click JSON: {"currentPos":1}
[2025-11-12 19:16:33.498765] [info] buttonCurrentPositionSet_Click JSON: {"currentPos":1}
[2025-11-12 19:17:05.664920] [info] buttonAccel_Click JSON: {"numAccel":0}
[2025-11-12 19:17:05.821936] [info] buttonAccel_Click JSON: {"numAccel":0}
[2025-11-12 19:17:06.001984] [info] buttonAccel_Click JSON: {"numAccel":0}
[2025-11-12 19:17:06.882362] [info] buttonHomingZero_Click
[2025-11-12 19:17:13.694435] [info] buttonRezervOn_Click
[2025-11-12 19:17:13.872884] [info] buttonRezervOn_Click
[2025-11-12 19:30:24.356927] [info] buttonNumBoardSave_Click JSON: {"numBoard":1}
[2025-11-12 20:18:16.096108] [info] buttonDeltaSave_Click JSON: {"numDelta":0}
[2025-11-12 20:18:24.694026] [info] buttonDeltaSave_Click JSON: {"numDelta":1}
[2025-11-12 20:18:26.128343] [info] buttonDecelSave_Click JSON: {"numDecel":2}
[2025-11-12 20:18:29.319431] [info] buttonAccelSave_Click JSON: {"numAccel":3}
[2025-11-12 20:18:31.364290] [info] buttonDefaultSpeedSave_Click JSON: {"numSpeed":0}
[2025-11-12 20:18:34.260814] [info] buttonDefaultSpeedSave_Click JSON: {"numSpeed":0}
[2025-11-12 20:18:37.121216] [error] buttonMaxSpeedSave_Click JSON: {"mumSpeed":0}
[2025-11-12 20:22:30.046968] [info] buttonDeltaSave_Click JSON: {"numDelta":1}
[2025-11-12 20:22:32.256114] [info] buttonDecelSave_Click JSON: {"numDecel":2}
[2025-11-12 20:22:33.593803] [info] buttonAccelSave_Click JSON: {"numAccel":3}
[2025-11-12 20:22:36.791607] [info] buttonDefaultSpeedSave_Click JSON: {"numSpeed":4}
[2025-11-12 20:22:38.850477] [info] buttonMaxSpeedSave_Click JSON: {"numSpeed":5}
[2025-11-12 20:22:54.160730] [info] buttonNumGroupSave_Click JSON: {"numGroup":8}
[2025-11-12 20:22:57.083885] [info] buttonNumBoardSave_Click JSON: {"numBoard":9}
[2025-11-12 20:29:47.978018] [info] buttonDeltaSave_Click JSON: {"numDelta":1}
[2025-11-12 20:29:49.486413] [info] buttonDecelSave_Click JSON: {"numDecel":2}
[2025-11-12 20:29:51.312074] [info] buttonAccelSave_Click JSON: {"numAccel":3}
[2025-11-12 20:29:53.569996] [info] buttonDefaultSpeedSave_Click JSON: {"numSpeed":4}
[2025-11-12 20:29:57.109354] [info] buttonMaxSpeedSave_Click JSON: {"numSpeed":5}
[2025-11-12 20:30:00.175883] [info] buttonEndPositionSave_Click JSON: {"endPos":6}
[2025-11-12 20:30:04.354744] [info] buttonStartPositionSave_Click JSON: {"startPos":7}
[2025-11-12 20:30:06.755412] [info] buttonNumGroupSave_Click JSON: {"numGroup":8}
[2025-11-12 20:30:09.884594] [info] buttonNumBoardSave_Click JSON: {"numBoard":9}
[2025-11-12 20:30:14.144727] [info] buttonCurrentPositionSet_Click JSON: {"currentPos":0}
[2025-11-12 20:38:12.711451] [info] buttonDeltaSave_Click JSON: {"numDelta":14}
[2025-11-12 20:38:15.179941] [info] buttonDecelSave_Click JSON: {"numDecel":13}
[2025-11-12 20:38:17.286086] [info] buttonAccelSave_Click JSON: {"numAccel":12}
[2025-11-12 20:38:18.844102] [info] buttonDefaultSpeedSave_Click JSON: {"numSpeed":11}
[2025-11-12 20:38:21.396381] [info] buttonMaxSpeedSave_Click JSON: {"numSpeed":10}
[2025-11-12 20:38:25.088196] [info] buttonEndPositionSave_Click JSON: {"numPos":0}
[2025-11-12 20:38:28.620953] [info] buttonEndPositionSave_Click JSON: {"numPos":15}
[2025-11-12 20:38:29.828230] [info] buttonStartPositionSave_Click JSON: {"numPos":9}
[2025-11-12 20:38:31.331500] [info] buttonStartPositionSave_Click JSON: {"numPos":9}
[2025-11-12 20:38:36.689439] [info] buttonEndPositionSave_Click JSON: {"numPos":15}
[2025-11-12 20:38:38.054296] [info] buttonNumGroupSave_Click JSON: {"numGroup":8}
[2025-11-12 20:38:39.961939] [info] buttonNumBoardSave_Click JSON: {"numBoard":7}
[2025-11-12 20:38:41.862872] [info] buttonCurrentPositionSet_Click JSON: {"numPos":6}
[2025-11-12 20:38:44.984419] [info] buttonDecel_Click JSON: {"numDecel":2}
[2025-11-12 20:38:47.195209] [info] buttonDecel_Click JSON: {"numDecel":2}
[2025-11-12 20:38:48.010944] [info] buttonDecel_Click JSON: {"numDecel":2}
[2025-11-12 20:38:51.832785] [info] buttonDecel_Click JSON: {"numDecel":2}
[2025-11-12 20:39:00.574381] [info] buttonAccel_Click JSON: {"numAccel":2}
[2025-11-12 20:39:03.477845] [info] buttonAccel_Click JSON: {"numAccel":2}
[2025-11-12 20:39:05.288986] [info] buttonDecel_Click JSON: {"numDecel":2}
[2025-11-12 20:39:05.954424] [info] buttonDecel_Click JSON: {"numDecel":2}
[2025-11-12 20:39:10.237641] [info] buttonSpeed_Click JSON: {"numSpeed":2}
[2025-11-12 20:39:13.598473] [info] buttonNumSteps_Click JSON: {"numSteps":2}
[2025-11-12 20:39:15.474778] [info] buttonNumBoard_Click JSON: {"numBoard":1}
[2025-11-12 20:39:16.311647] [info] buttonNumBoard_Click JSON: {"numBoard":1}
[2025-11-12 20:39:18.052844] [info] buttonNumSteps_Click JSON: {"numSteps":2}
[2025-11-12 20:39:18.414010] [info] buttonNumSteps_Click JSON: {"numSteps":2}
[2025-11-12 20:39:18.594317] [info] buttonNumSteps_Click JSON: {"numSteps":2}
[2025-11-12 20:39:19.451300] [info] buttonNumSteps_Click JSON: {"numSteps":2}
[2025-11-12 20:39:19.631885] [info] buttonNumSteps_Click JSON: {"numSteps":2}
[2025-11-12 20:39:22.106465] [info] buttonSpeed_Click JSON: {"numSpeed":2}
[2025-11-12 20:39:22.284940] [info] buttonSpeed_Click JSON: {"numSpeed":2}
[2025-11-12 20:39:22.464393] [info] buttonSpeed_Click JSON: {"numSpeed":2}
[2025-11-12 20:41:39.249048] [info] buttonNumBoard_Click JSON: {"numBoard":1}
[2025-11-12 20:41:41.921355] [info] buttonNumSteps_Click JSON: {"numSteps":2}
[2025-11-12 20:41:46.528036] [info] buttonSpeed_Click JSON: {"numSpeed":3}
[2025-11-12 20:41:49.272586] [info] buttonAccel_Click JSON: {"numAccel":4}
[2025-11-12 20:41:51.092176] [info] buttonDecel_Click JSON: {"numDecel":5}
[2025-11-12 20:41:54.461483] [info] buttonCurrentPositionSet_Click JSON: {"numPos":6}
[2025-11-12 20:41:56.876783] [info] buttonNumBoardSave_Click JSON: {"numBoard":7}
[2025-11-12 20:41:59.155708] [info] buttonNumGroupSave_Click JSON: {"numGroup":8}
[2025-11-12 20:42:01.181243] [info] buttonStartPositionSave_Click JSON: {"numPos":9}
[2025-11-12 20:42:03.040378] [info] buttonEndPositionSave_Click JSON: {"numPos":10}
[2025-11-12 20:42:04.927764] [info] buttonMaxSpeedSave_Click JSON: {"numSpeed":11}
[2025-11-12 20:42:07.577013] [info] buttonDefaultSpeedSave_Click JSON: {"numSpeed":12}
[2025-11-12 20:42:09.657283] [info] buttonAccelSave_Click JSON: {"numAccel":13}
[2025-11-12 20:42:11.420432] [info] buttonDecelSave_Click JSON: {"numDecel":14}
[2025-11-12 20:42:15.626668] [info] buttonDeltaSave_Click JSON: {"numDelta":15}
[2025-11-12 20:42:16.765067] [info] buttonDeltaSave_Click JSON: {"numDelta":15}
[2025-11-12 20:42:23.455905] [info] buttonDecelSave_Click JSON: {"numDecel":14}
