[2025-11-19 13:42:10.877516] [info] buttonOpenCOM_Click
[2025-11-19 13:42:20.829278] [info] buttonNumBoard_Click JSON: {"numBoard":16}
[2025-11-19 13:42:22.601271] [info] buttonNumSteps_Click JSON: {"numSteps":1000}
[2025-11-19 13:42:23.521260] [info] buttonSpeed_Click JSON: {"numSpeed":10}
[2025-11-19 13:42:23.905255] [info] buttonAccel_Click JSON: {"numAccel":10}
[2025-11-19 13:42:24.225236] [info] buttonDecel_Click JSON: {"numDecel":10}
[2025-11-19 13:42:25.065228] [info] buttonMoveBackward_Click
[2025-11-19 13:42:26.377208] [info] buttonMoveBackward_Click
[2025-11-19 13:42:26.921195] [info] buttonMoveBackward_Click
[2025-11-19 13:42:27.561186] [info] buttonMoveBackward_Click
[2025-11-19 13:42:28.681168] [info] buttonMoveForward_Click
[2025-11-19 13:42:29.337177] [info] buttonMoveForward_Click
[2025-11-19 13:42:29.905157] [info] buttonMoveForward_Click
[2025-11-19 13:42:30.201155] [info] buttonMoveForward_Click
[2025-11-19 13:42:30.377166] [info] buttonMoveForward_Click
[2025-11-19 13:42:30.569150] [info] buttonMoveForward_Click
[2025-11-19 13:42:30.737162] [info] buttonMoveForward_Click
[2025-11-19 13:42:30.897142] [info] buttonMoveForward_Click
[2025-11-19 13:42:31.057156] [info] buttonMoveForward_Click
[2025-11-19 13:42:31.225154] [info] buttonMoveForward_Click
[2025-11-19 13:42:31.385152] [info] buttonMoveForward_Click
[2025-11-19 13:42:31.537133] [info] buttonMoveForward_Click
[2025-11-19 13:42:32.745130] [info] buttonMoveForward_Click
[2025-11-19 13:42:34.845102] [info] buttonNumBoard_Click JSON: {"numBoard":16}
[2025-11-19 13:42:35.289101] [info] buttonNumSteps_Click JSON: {"numSteps":1000}
[2025-11-19 13:42:35.801087] [info] buttonSpeed_Click JSON: {"numSpeed":10}
[2025-11-19 13:42:36.337072] [info] buttonAccel_Click JSON: {"numAccel":10}
[2025-11-19 13:42:36.857087] [info] buttonDecel_Click JSON: {"numDecel":10}
[2025-11-19 13:42:37.473061] [info] buttonMoveForward_Click
[2025-11-19 13:42:38.009051] [info] buttonMoveBackward_Click
[2025-11-19 13:42:38.353067] [info] buttonMoveForward_Click
[2025-11-19 13:42:38.657043] [info] buttonMoveBackward_Click
[2025-11-19 13:42:38.985069] [info] buttonMoveForward_Click
[2025-11-19 13:42:39.409032] [info] buttonMoveBackward_Click
[2025-11-19 13:42:39.729020] [info] buttonMoveForward_Click
[2025-11-19 13:42:40.881014] [info] buttonDebugOn_Click
[2025-11-19 13:42:41.665005] [info] buttonMoveBackward_Click
[2025-11-19 13:42:43.608992] [info] buttonMoveForward_Click
[2025-11-19 13:42:46.168956] [info] buttonMoveForward_Click
[2025-11-19 13:42:48.200933] [info] buttonHomingMax_Click
[2025-11-19 13:42:49.760895] [info] buttonHomingMax_Click
[2025-11-19 13:42:50.672884] [info] buttonHomingMax_Click
[2025-11-19 13:42:51.928875] [info] buttonHomingZero_Click
[2025-11-19 13:42:52.888862] [info] buttonHomingZero_Click
[2025-11-19 13:42:53.632842] [info] buttonHomingZero_Click
[2025-11-19 13:42:54.864835] [info] buttonMoveBackward_Click
[2025-11-19 13:42:55.720831] [info] buttonMoveForward_Click
[2025-11-19 13:42:56.728801] [info] buttonMoveForward_Click
[2025-11-19 13:42:57.312798] [info] buttonMoveForward_Click
[2025-11-19 13:42:57.632819] [info] buttonMoveForward_Click
[2025-11-19 13:42:57.824803] [info] buttonMoveForward_Click
[2025-11-19 13:42:58.536788] [info] buttonMoveBackward_Click
[2025-11-19 13:42:58.792803] [info] buttonMoveForward_Click
[2025-11-19 13:42:59.584763] [info] buttonMoveBackward_Click
[2025-11-19 13:42:59.816784] [info] buttonMoveForward_Click
[2025-11-19 13:43:19.632485] [info] buttonMoveForward_Click
[2025-11-19 13:43:20.480471] [info] buttonMoveBackward_Click
[2025-11-19 13:43:21.488472] [info] buttonMoveForward_Click
[2025-11-19 13:43:21.984453] [info] buttonMoveBackward_Click
[2025-11-19 13:43:22.624438] [info] buttonMoveBackward_Click
[2025-11-19 13:43:23.200429] [info] buttonMoveBackward_Click
[2025-11-19 13:43:23.768425] [info] buttonMoveBackward_Click
[2025-11-19 13:43:24.600406] [info] buttonMoveBackward_Click
[2025-11-19 13:43:25.432398] [info] buttonMoveBackward_Click
[2025-11-19 13:43:26.152389] [info] buttonMoveBackward_Click
[2025-11-19 13:43:26.328385] [info] buttonMoveBackward_Click
[2025-11-19 13:43:27.016380] [info] buttonMoveBackward_Click
[2025-11-19 13:43:27.152376] [info] buttonMoveBackward_Click
[2025-11-19 13:43:32.224310] [info] buttonNumSteps_Click JSON: {"numSteps":10000}
[2025-11-19 13:43:33.144302] [info] buttonMoveBackward_Click
[2025-11-19 13:43:40.120183] [info] buttonStop_Click
[2025-11-19 13:43:40.960172] [info] buttonSpeed_Click JSON: {"numSpeed":30}
[2025-11-19 13:43:41.864160] [info] buttonMoveBackward_Click
[2025-11-19 13:43:50.464032] [info] buttonNumSteps_Click JSON: {"numSteps":5000}
[2025-11-19 13:43:52.480000] [info] buttonNumSteps_Click JSON: {"numSteps":3000}
[2025-11-19 13:43:53.543988] [info] buttonMoveBackward_Click
[2025-11-19 13:43:56.391946] [info] buttonMoveForward_Click
[2025-11-19 13:44:08.199781] [info] buttonNumSteps_Click JSON: {"numSteps":1000}
[2025-11-19 13:44:08.615760] [info] buttonSpeed_Click JSON: {"numSpeed":10}
[2025-11-19 14:15:46.563614] [info] buttonOpenCOM_Click
[2025-11-19 14:15:51.154480] [info] buttonNumBoard_Click JSON: {"numBoard":16}
[2025-11-19 14:15:54.686494] [info] buttonDirPolarity_Click JSON: {"statusInverting":"Inverted"}
[2025-11-19 14:15:55.582483] [info] buttonDirPolarity_Click JSON: {"statusInverting":"Inverted"}
[2025-11-19 14:15:58.630482] [info] buttonEnPolarity_Click JSON: {"statusInverting":"Inverted"}
[2025-11-19 14:15:59.998483] [info] buttonAl_CLRPolarity_Click JSON: {"statusInverting":"Inverted"}
[2025-11-19 14:16:01.134482] [info] buttonAl_OBrakePolarity_Click JSON: {"statusInverting":"Inverted"}
[2025-11-19 14:16:02.206484] [info] buttonAl_ORezervPolarity_Click JSON: {"statusInverting":"Inverted"}
[2025-11-19 14:16:14.814480] [info] buttonDirPolarity_Click JSON: {"statusInverting":"NotInverted"}
[2025-11-19 14:16:15.502476] [info] buttonEnPolarity_Click JSON: {"statusInverting":"NotInverted"}
[2025-11-19 14:16:16.206481] [info] buttonAl_CLRPolarity_Click JSON: {"statusInverting":"NotInverted"}
[2025-11-19 14:16:16.838479] [info] buttonAl_OBrakePolarity_Click JSON: {"statusInverting":"NotInverted"}
[2025-11-19 14:16:17.550477] [info] buttonAl_ORezervPolarity_Click JSON: {"statusInverting":"NotInverted"}
[2025-11-19 14:16:30.174485] [info] buttonDirPolarity_Click JSON: {"statusInverting":"UnknownInverted"}
[2025-11-19 14:16:31.630471] [info] buttonEnPolarity_Click JSON: {"statusInverting":"UnknownInverted"}
[2025-11-19 14:16:32.358467] [info] buttonAl_CLRPolarity_Click JSON: {"statusInverting":"UnknownInverted"}
[2025-11-19 14:16:33.070474] [info] buttonAl_OBrakePolarity_Click JSON: {"statusInverting":"UnknownInverted"}
[2025-11-19 14:16:33.758469] [info] buttonAl_ORezervPolarity_Click JSON: {"statusInverting":"UnknownInverted"}
[2025-11-19 14:40:39.035415] [info] buttonOpenCOM_Click
[2025-11-19 14:40:43.530778] [info] buttonNumBoard_Click JSON: {"numBoard":16}
[2025-11-19 14:41:35.455855] [info] setEncoderActive JSON: {"statusActive":true}
[2025-11-19 14:41:37.847904] [info] setEncoderActive JSON: {"statusActive":true}
[2025-11-19 14:41:38.655906] [info] setEncoderActive JSON: {"statusActive":true}
[2025-11-19 14:41:42.383991] [info] setEncoderActive JSON: {"statusActive":false}
[2025-11-19 14:41:43.528010] [info] setEncoderActive JSON: {"statusActive":false}
[2025-11-19 15:07:15.529627] [info] buttonOpenCOM_Click
[2025-11-19 15:07:19.825004] [info] buttonNumBoard_Click JSON: {"numBoard":16}
[2025-11-19 15:07:27.332973] [info] buttonEncoderConfig_Click JSON: {"numDelta":11,"numPolarity":1,"numTurnData":1}
[2025-11-19 15:07:29.356979] [info] buttonEncoderConfig_Click JSON: {"numDelta":11,"numPolarity":1,"numTurnData":1}
